<?xml version="1.0" encoding="UTF-8"?>
<!-- Generated by org.testng.reporters.JUnitReportReporter -->
<testsuite hostname="Pablos-MacBook-Pro.local" failures="0" tests="2" name="com.herokuapp.theinternet.NegativeTests" time="17.556" errors="0" timestamp="2022-01-31T16:25:19 CST" skipped="0">
  <testcase classname="com.herokuapp.theinternet.NegativeTests" name="NegativeLoginTest" time="11.373"/>
  <system-out/>
  <testcase classname="com.herokuapp.theinternet.NegativeTests" name="NegativeLoginTest" time="6.183"/>
  <system-out/>
</testsuite> <!-- com.herokuapp.theinternet.NegativeTests -->
