<?xml version="1.0" encoding="UTF-8"?>
<!-- Generated by org.testng.reporters.JUnitReportReporter -->
<testsuite hostname="Pablos-MacBook-Pro.local" failures="0" tests="1" name="com.herokuapp.theinternet.PositiveTests" time="5.898" errors="0" timestamp="2022-01-25T16:57:41 CST" skipped="0">
  <testcase classname="com.herokuapp.theinternet.PositiveTests" name="loginTest" time="5.898"/>
  <system-out/>
</testsuite> <!-- com.herokuapp.theinternet.PositiveTests -->
